mode: atomic
github.com/wethegamers/agis/cmd/agis-bot/main.go:5.14,5.15 0 0
github.com/wethegamers/agis/cmd/main.go:8.13,13.9 4 0
github.com/wethegamers/agis/main.go:152.13,161.34 5 0
github.com/wethegamers/agis/main.go:161.34,163.3 1 0
github.com/wethegamers/agis/main.go:164.2,168.16 4 0
github.com/wethegamers/agis/main.go:168.16,170.3 1 0
github.com/wethegamers/agis/main.go:170.8,170.35 1 0
github.com/wethegamers/agis/main.go:170.35,171.16 1 0
github.com/wethegamers/agis/main.go:171.16,172.73 1 0
github.com/wethegamers/agis/main.go:172.73,174.5 1 0
github.com/wethegamers/agis/main.go:176.3,176.25 1 0
github.com/wethegamers/agis/main.go:176.25,178.4 1 0
github.com/wethegamers/agis/main.go:182.2,190.25 6 0
github.com/wethegamers/agis/main.go:190.25,193.3 1 0
github.com/wethegamers/agis/main.go:194.2,194.50 1 0
github.com/wethegamers/agis/main.go:194.50,196.17 2 0
github.com/wethegamers/agis/main.go:196.17,198.4 1 0
github.com/wethegamers/agis/main.go:198.9,199.41 1 0
github.com/wethegamers/agis/main.go:199.41,201.5 1 0
github.com/wethegamers/agis/main.go:201.10,206.29 4 0
github.com/wethegamers/agis/main.go:206.29,209.6 2 0
github.com/wethegamers/agis/main.go:211.4,211.23 1 0
github.com/wethegamers/agis/main.go:213.8,215.3 1 0
github.com/wethegamers/agis/main.go:218.2,220.21 3 0
github.com/wethegamers/agis/main.go:220.21,222.3 1 0
github.com/wethegamers/agis/main.go:223.2,224.16 2 0
github.com/wethegamers/agis/main.go:224.16,226.3 1 0
github.com/wethegamers/agis/main.go:227.2,227.15 1 0
github.com/wethegamers/agis/main.go:227.15,228.26 1 0
github.com/wethegamers/agis/main.go:228.26,230.4 1 0
github.com/wethegamers/agis/main.go:236.2,237.12 2 0
github.com/wethegamers/agis/main.go:237.12,238.44 1 0
github.com/wethegamers/agis/main.go:238.44,240.4 1 0
github.com/wethegamers/agis/main.go:244.2,244.48 1 0
github.com/wethegamers/agis/main.go:244.48,247.17 2 0
github.com/wethegamers/agis/main.go:247.17,249.4 1 0
github.com/wethegamers/agis/main.go:249.9,251.18 2 0
github.com/wethegamers/agis/main.go:251.18,253.5 1 0
github.com/wethegamers/agis/main.go:253.10,255.5 1 0
github.com/wethegamers/agis/main.go:257.8,263.17 5 0
github.com/wethegamers/agis/main.go:263.17,265.4 1 0
github.com/wethegamers/agis/main.go:265.9,267.18 2 0
github.com/wethegamers/agis/main.go:267.18,269.5 1 0
github.com/wethegamers/agis/main.go:269.10,271.5 1 0
github.com/wethegamers/agis/main.go:276.2,277.17 2 0
github.com/wethegamers/agis/main.go:277.17,280.3 2 0
github.com/wethegamers/agis/main.go:283.2,284.16 2 0
github.com/wethegamers/agis/main.go:284.16,287.3 2 0
github.com/wethegamers/agis/main.go:290.2,296.16 5 0
github.com/wethegamers/agis/main.go:296.16,299.3 2 0
github.com/wethegamers/agis/main.go:300.2,303.27 2 0
github.com/wethegamers/agis/main.go:303.27,304.86 1 0
github.com/wethegamers/agis/main.go:304.86,306.4 1 0
github.com/wethegamers/agis/main.go:310.2,316.55 5 0
github.com/wethegamers/agis/main.go:316.55,318.3 1 0
github.com/wethegamers/agis/main.go:320.2,325.60 4 0
github.com/wethegamers/agis/main.go:325.60,327.3 1 0
github.com/wethegamers/agis/main.go:329.2,348.96 10 0
github.com/wethegamers/agis/main.go:348.96,350.44 2 0
github.com/wethegamers/agis/main.go:350.44,352.4 1 0
github.com/wethegamers/agis/main.go:353.3,353.13 1 0
github.com/wethegamers/agis/main.go:356.2,356.42 1 0
github.com/wethegamers/agis/main.go:356.42,373.119 7 0
github.com/wethegamers/agis/main.go:373.119,379.18 3 0
github.com/wethegamers/agis/main.go:379.18,381.5 1 0
github.com/wethegamers/agis/main.go:382.4,392.18 3 0
github.com/wethegamers/agis/main.go:392.18,394.5 1 0
github.com/wethegamers/agis/main.go:397.4,405.18 2 0
github.com/wethegamers/agis/main.go:405.18,407.5 1 0
github.com/wethegamers/agis/main.go:410.4,410.38 1 0
github.com/wethegamers/agis/main.go:410.38,412.5 1 0
github.com/wethegamers/agis/main.go:414.4,417.22 2 0
github.com/wethegamers/agis/main.go:417.22,419.19 2 0
github.com/wethegamers/agis/main.go:419.19,427.6 1 0
github.com/wethegamers/agis/main.go:430.4,430.14 1 0
github.com/wethegamers/agis/main.go:433.3,433.87 1 0
github.com/wethegamers/agis/main.go:434.8,436.3 1 0
github.com/wethegamers/agis/main.go:439.2,459.19 11 0
github.com/wethegamers/agis/main.go:459.19,461.3 1 0
github.com/wethegamers/agis/main.go:464.2,465.45 2 0
github.com/wethegamers/agis/main.go:465.45,467.50 2 0
github.com/wethegamers/agis/main.go:467.50,469.4 1 0
github.com/wethegamers/agis/main.go:469.9,472.4 2 0
github.com/wethegamers/agis/main.go:473.8,475.3 1 0
github.com/wethegamers/agis/main.go:478.2,478.79 1 0
github.com/wethegamers/agis/main.go:478.79,480.20 2 0
github.com/wethegamers/agis/main.go:480.20,482.4 1 0
github.com/wethegamers/agis/main.go:483.3,484.13 2 0
github.com/wethegamers/agis/main.go:484.13,486.44 2 0
github.com/wethegamers/agis/main.go:486.44,488.5 1 0
github.com/wethegamers/agis/main.go:490.3,490.45 1 0
github.com/wethegamers/agis/main.go:491.8,493.3 1 0
github.com/wethegamers/agis/main.go:496.2,501.106 4 0
github.com/wethegamers/agis/main.go:501.106,506.71 2 0
github.com/wethegamers/agis/main.go:506.71,508.4 1 0
github.com/wethegamers/agis/main.go:508.9,510.4 1 0
github.com/wethegamers/agis/main.go:511.3,511.17 1 0
github.com/wethegamers/agis/main.go:511.17,513.4 1 0
github.com/wethegamers/agis/main.go:514.3,515.29 2 0
github.com/wethegamers/agis/main.go:515.29,528.29 2 0
github.com/wethegamers/agis/main.go:528.29,530.5 1 0
github.com/wethegamers/agis/main.go:531.4,531.25 1 0
github.com/wethegamers/agis/main.go:533.3,533.18 1 0
github.com/wethegamers/agis/main.go:537.2,537.93 1 0
github.com/wethegamers/agis/main.go:537.93,540.17 2 0
github.com/wethegamers/agis/main.go:540.17,542.4 1 0
github.com/wethegamers/agis/main.go:544.3,562.37 2 0
github.com/wethegamers/agis/main.go:562.37,571.4 1 0
github.com/wethegamers/agis/main.go:572.3,572.39 1 0
github.com/wethegamers/agis/main.go:572.39,578.4 1 0
github.com/wethegamers/agis/main.go:579.3,579.19 1 0
github.com/wethegamers/agis/main.go:583.2,598.16 8 0
github.com/wethegamers/agis/main.go:598.16,601.3 1 0
github.com/wethegamers/agis/main.go:601.8,606.66 2 0
github.com/wethegamers/agis/main.go:606.66,609.4 2 0
github.com/wethegamers/agis/main.go:611.3,611.16 1 0
github.com/wethegamers/agis/main.go:611.16,612.42 1 0
github.com/wethegamers/agis/main.go:612.42,614.5 1 0
github.com/wethegamers/agis/main.go:618.2,632.29 8 0
github.com/wethegamers/agis/main.go:632.29,635.3 2 0
github.com/wethegamers/agis/main.go:638.2,638.45 1 0
github.com/wethegamers/agis/main.go:638.45,640.3 1 0
github.com/wethegamers/agis/main.go:643.58,648.16 3 0
github.com/wethegamers/agis/main.go:648.16,650.3 1 0
github.com/wethegamers/agis/main.go:653.2,653.88 1 0
github.com/wethegamers/agis/main.go:653.88,655.3 1 0
github.com/wethegamers/agis/main.go:655.8,656.32 1 0
github.com/wethegamers/agis/main.go:656.32,658.4 1 0
github.com/wethegamers/agis/main.go:658.9,660.4 1 0
github.com/wethegamers/agis/internal/health/health.go:32.28,37.2 1 10
github.com/wethegamers/agis/internal/health/health.go:40.54,44.2 3 7
github.com/wethegamers/agis/internal/health/health.go:47.40,51.2 3 5
github.com/wethegamers/agis/internal/health/health.go:54.34,58.2 3 5
github.com/wethegamers/agis/internal/health/health.go:77.71,80.29 3 5
github.com/wethegamers/agis/internal/health/health.go:80.29,82.3 1 7
github.com/wethegamers/agis/internal/health/health.go:83.2,88.34 4 5
github.com/wethegamers/agis/internal/health/health.go:88.34,99.17 5 7
github.com/wethegamers/agis/internal/health/health.go:99.17,102.38 3 4
github.com/wethegamers/agis/internal/health/health.go:102.38,104.5 1 2
github.com/wethegamers/agis/internal/health/health.go:106.3,106.36 1 7
github.com/wethegamers/agis/internal/health/health.go:110.2,111.28 2 5
github.com/wethegamers/agis/internal/health/health.go:111.28,112.34 1 7
github.com/wethegamers/agis/internal/health/health.go:112.34,114.4 1 4
github.com/wethegamers/agis/internal/health/health.go:116.2,116.37 1 5
github.com/wethegamers/agis/internal/health/health.go:116.37,118.3 1 2
github.com/wethegamers/agis/internal/health/health.go:120.2,120.31 1 5
github.com/wethegamers/agis/internal/health/health.go:130.60,135.2 1 5
github.com/wethegamers/agis/internal/health/health.go:138.54,149.2 5 4
github.com/wethegamers/agis/internal/health/health.go:153.74,161.2 3 1
github.com/wethegamers/agis/internal/health/health.go:165.75,168.26 2 2
github.com/wethegamers/agis/internal/health/health.go:168.26,176.3 3 1
github.com/wethegamers/agis/internal/health/health.go:178.2,184.29 5 1
github.com/wethegamers/agis/internal/health/health.go:184.29,186.3 1 0
github.com/wethegamers/agis/internal/health/health.go:188.2,193.4 2 1
github.com/wethegamers/agis/internal/health/health.go:197.74,206.29 6 1
github.com/wethegamers/agis/internal/health/health.go:206.29,208.3 1 0
github.com/wethegamers/agis/internal/health/health.go:210.2,216.4 2 1
github.com/wethegamers/agis/internal/health/health.go:222.62,223.41 1 1
github.com/wethegamers/agis/internal/health/health.go:223.41,225.3 1 1
github.com/wethegamers/agis/internal/health/health.go:229.52,230.41 1 2
github.com/wethegamers/agis/internal/health/health.go:230.41,231.23 1 2
github.com/wethegamers/agis/internal/health/health.go:231.23,233.4 1 1
github.com/wethegamers/agis/internal/health/health.go:234.3,234.13 1 1
github.com/wethegamers/agis/internal/health/health.go:239.62,240.41 1 1
github.com/wethegamers/agis/internal/health/health.go:240.41,243.3 2 1
github.com/wethegamers/agis/internal/health/health.go:250.38,252.2 1 0
github.com/wethegamers/agis/internal/app/app.go:38.53,44.27 2 7
github.com/wethegamers/agis/internal/app/app.go:44.27,46.3 1 4
github.com/wethegamers/agis/internal/app/app.go:47.2,47.12 1 7
github.com/wethegamers/agis/internal/app/app.go:51.50,52.22 1 2
github.com/wethegamers/agis/internal/app/app.go:52.22,54.3 1 2
github.com/wethegamers/agis/internal/app/app.go:58.57,59.22 1 1
github.com/wethegamers/agis/internal/app/app.go:59.22,61.3 1 1
github.com/wethegamers/agis/internal/app/app.go:65.56,66.22 1 1
github.com/wethegamers/agis/internal/app/app.go:66.22,68.3 1 1
github.com/wethegamers/agis/internal/app/app.go:72.37,76.2 3 2
github.com/wethegamers/agis/internal/app/app.go:79.46,81.15 2 2
github.com/wethegamers/agis/internal/app/app.go:81.15,84.3 2 1
github.com/wethegamers/agis/internal/app/app.go:85.2,89.33 3 1
github.com/wethegamers/agis/internal/app/app.go:89.33,90.35 1 1
github.com/wethegamers/agis/internal/app/app.go:90.35,92.4 1 1
github.com/wethegamers/agis/internal/app/app.go:96.2,99.33 3 0
github.com/wethegamers/agis/internal/app/app.go:99.33,101.22 2 0
github.com/wethegamers/agis/internal/app/app.go:101.22,103.39 2 0
github.com/wethegamers/agis/internal/app/app.go:103.39,105.5 1 0
github.com/wethegamers/agis/internal/app/app.go:110.2,113.9 3 0
github.com/wethegamers/agis/internal/app/app.go:114.22,115.77 1 0
github.com/wethegamers/agis/internal/app/app.go:116.22,117.65 1 0
github.com/wethegamers/agis/internal/app/app.go:118.20,119.60 1 0
github.com/wethegamers/agis/internal/app/app.go:122.2,122.21 1 0
github.com/wethegamers/agis/internal/app/app.go:126.32,133.44 4 2
github.com/wethegamers/agis/internal/app/app.go:133.44,135.39 2 1
github.com/wethegamers/agis/internal/app/app.go:135.39,137.4 1 0
github.com/wethegamers/agis/internal/app/app.go:141.2,141.32 1 2
github.com/wethegamers/agis/internal/app/app.go:141.32,142.35 1 1
github.com/wethegamers/agis/internal/app/app.go:142.35,144.4 1 0
github.com/wethegamers/agis/internal/app/app.go:147.2,147.19 1 2
github.com/wethegamers/agis/internal/app/app.go:147.19,149.3 1 0
github.com/wethegamers/agis/internal/app/app.go:150.2,150.12 1 2
github.com/wethegamers/agis/internal/app/app.go:154.29,156.2 1 1
github.com/wethegamers/agis/internal/app/app.go:159.32,161.2 1 1
github.com/wethegamers/agis/internal/app/app.go:171.88,177.2 1 1
github.com/wethegamers/agis/internal/app/app.go:179.56,179.73 1 1
github.com/wethegamers/agis/internal/app/app.go:180.56,180.81 1 1
github.com/wethegamers/agis/internal/app/app.go:181.56,181.80 1 1
github.com/wethegamers/agis/internal/app/app.go:192.91,198.2 1 0
github.com/wethegamers/agis/internal/app/app.go:200.43,200.60 1 0
github.com/wethegamers/agis/internal/app/app.go:202.62,204.12 2 0
github.com/wethegamers/agis/internal/app/app.go:204.12,207.3 2 0
github.com/wethegamers/agis/internal/app/app.go:208.2,208.12 1 0
github.com/wethegamers/agis/internal/app/app.go:211.61,212.21 1 0
github.com/wethegamers/agis/internal/app/app.go:212.21,214.3 1 0
github.com/wethegamers/agis/internal/app/app.go:215.2,215.9 1 0
github.com/wethegamers/agis/internal/app/app.go:216.16,217.13 1 0
github.com/wethegamers/agis/internal/app/app.go:218.20,219.19 1 0
github.com/wethegamers/agis/internal/opensaas/handler.go:91.12,98.2 1 9
github.com/wethegamers/agis/internal/opensaas/handler.go:101.54,129.2 16 8
github.com/wethegamers/agis/internal/opensaas/handler.go:143.84,147.2 3 4
github.com/wethegamers/agis/internal/opensaas/handler.go:149.89,156.2 3 4
github.com/wethegamers/agis/internal/opensaas/handler.go:166.74,167.54 1 96
github.com/wethegamers/agis/internal/opensaas/handler.go:167.54,170.17 2 6
github.com/wethegamers/agis/internal/opensaas/handler.go:170.17,173.4 2 1
github.com/wethegamers/agis/internal/opensaas/handler.go:176.3,177.46 2 5
github.com/wethegamers/agis/internal/opensaas/handler.go:177.46,180.4 2 0
github.com/wethegamers/agis/internal/opensaas/handler.go:182.3,189.30 3 5
github.com/wethegamers/agis/internal/opensaas/handler.go:195.80,199.16 3 2
github.com/wethegamers/agis/internal/opensaas/handler.go:199.16,202.3 2 1
github.com/wethegamers/agis/internal/opensaas/handler.go:204.2,204.39 1 1
github.com/wethegamers/agis/internal/opensaas/handler.go:207.77,212.61 2 0
github.com/wethegamers/agis/internal/opensaas/handler.go:212.61,215.3 2 0
github.com/wethegamers/agis/internal/opensaas/handler.go:219.2,219.72 1 0
github.com/wethegamers/agis/internal/opensaas/handler.go:222.76,226.16 3 0
github.com/wethegamers/agis/internal/opensaas/handler.go:226.16,229.3 2 0
github.com/wethegamers/agis/internal/opensaas/handler.go:231.2,235.4 1 0
github.com/wethegamers/agis/internal/opensaas/handler.go:238.77,245.2 3 0
github.com/wethegamers/agis/internal/opensaas/handler.go:247.78,252.61 2 1
github.com/wethegamers/agis/internal/opensaas/handler.go:252.61,255.3 2 0
github.com/wethegamers/agis/internal/opensaas/handler.go:257.2,257.42 1 1
github.com/wethegamers/agis/internal/opensaas/handler.go:257.42,260.3 2 1
github.com/wethegamers/agis/internal/opensaas/handler.go:263.2,263.79 1 0
github.com/wethegamers/agis/internal/opensaas/handler.go:266.78,268.20 2 0
github.com/wethegamers/agis/internal/opensaas/handler.go:268.20,271.3 2 0
github.com/wethegamers/agis/internal/opensaas/handler.go:274.2,274.73 1 0
github.com/wethegamers/agis/internal/opensaas/handler.go:277.79,279.20 2 2
github.com/wethegamers/agis/internal/opensaas/handler.go:279.20,282.3 2 0
github.com/wethegamers/agis/internal/opensaas/handler.go:284.2,287.61 2 2
github.com/wethegamers/agis/internal/opensaas/handler.go:287.61,290.3 2 0
github.com/wethegamers/agis/internal/opensaas/handler.go:292.2,293.31 2 2
github.com/wethegamers/agis/internal/opensaas/handler.go:293.31,296.3 2 1
github.com/wethegamers/agis/internal/opensaas/handler.go:299.2,299.82 1 1
github.com/wethegamers/agis/internal/opensaas/handler.go:302.80,308.61 2 0
github.com/wethegamers/agis/internal/opensaas/handler.go:308.61,311.3 2 0
github.com/wethegamers/agis/internal/opensaas/handler.go:314.2,316.4 1 0
github.com/wethegamers/agis/internal/opensaas/handler.go:319.80,322.2 1 0
github.com/wethegamers/agis/internal/opensaas/handler.go:324.79,328.2 1 0
github.com/wethegamers/agis/internal/opensaas/handler.go:330.81,334.16 3 0
github.com/wethegamers/agis/internal/opensaas/handler.go:334.16,337.3 2 0
github.com/wethegamers/agis/internal/opensaas/handler.go:339.2,344.4 1 0
github.com/wethegamers/agis/internal/opensaas/handler.go:347.85,351.61 2 0
github.com/wethegamers/agis/internal/opensaas/handler.go:351.61,354.3 2 0
github.com/wethegamers/agis/internal/opensaas/handler.go:357.2,359.4 1 0
github.com/wethegamers/agis/internal/opensaas/handler.go:362.84,365.2 1 0
github.com/wethegamers/agis/internal/opensaas/handler.go:367.75,381.2 2 1
github.com/wethegamers/agis/internal/opensaas/handler.go:383.78,392.2 2 0
github.com/wethegamers/agis/internal/opensaas/handler.go:394.72,400.2 1 1
github.com/wethegamers/agis/internal/config/config.go:111.30,137.29 5 5
github.com/wethegamers/agis/internal/config/config.go:137.29,139.3 1 2
github.com/wethegamers/agis/internal/config/config.go:142.2,194.19 6 5
github.com/wethegamers/agis/internal/config/config.go:194.19,196.3 1 2
github.com/wethegamers/agis/internal/config/config.go:198.2,198.17 1 3
github.com/wethegamers/agis/internal/config/config.go:202.25,204.16 2 1
github.com/wethegamers/agis/internal/config/config.go:204.16,205.13 1 1
github.com/wethegamers/agis/internal/config/config.go:207.2,207.12 1 0
github.com/wethegamers/agis/internal/config/config.go:211.47,216.2 1 1
github.com/wethegamers/agis/internal/config/config.go:219.43,221.2 1 1
github.com/wethegamers/agis/internal/config/config.go:224.41,226.2 1 3
github.com/wethegamers/agis/internal/config/config.go:229.42,231.2 1 3
github.com/wethegamers/agis/internal/config/config.go:235.47,236.38 1 87
github.com/wethegamers/agis/internal/config/config.go:236.38,238.3 1 5
github.com/wethegamers/agis/internal/config/config.go:239.2,239.19 1 82
github.com/wethegamers/agis/internal/config/config.go:242.45,243.38 1 38
github.com/wethegamers/agis/internal/config/config.go:243.38,244.46 1 3
github.com/wethegamers/agis/internal/config/config.go:244.46,246.4 1 2
github.com/wethegamers/agis/internal/config/config.go:248.2,248.19 1 36
github.com/wethegamers/agis/internal/config/config.go:251.55,252.38 1 6
github.com/wethegamers/agis/internal/config/config.go:252.38,253.56 1 1
github.com/wethegamers/agis/internal/config/config.go:253.56,255.4 1 1
github.com/wethegamers/agis/internal/config/config.go:257.2,257.19 1 5
github.com/wethegamers/agis/internal/config/config.go:260.48,261.38 1 71
github.com/wethegamers/agis/internal/config/config.go:261.38,262.51 1 2
github.com/wethegamers/agis/internal/config/config.go:262.51,264.4 1 2
github.com/wethegamers/agis/internal/config/config.go:266.2,266.19 1 69
github.com/wethegamers/agis/internal/config/config.go:269.70,270.38 1 26
github.com/wethegamers/agis/internal/config/config.go:270.38,271.52 1 2
github.com/wethegamers/agis/internal/config/config.go:271.52,273.4 1 2
github.com/wethegamers/agis/internal/config/config.go:275.2,275.19 1 24
github.com/wethegamers/agis/internal/config/config.go:278.63,279.38 1 11
github.com/wethegamers/agis/internal/config/config.go:279.38,282.27 3 2
github.com/wethegamers/agis/internal/config/config.go:282.27,283.54 1 6
github.com/wethegamers/agis/internal/config/config.go:283.54,285.5 1 6
github.com/wethegamers/agis/internal/config/config.go:287.3,287.22 1 2
github.com/wethegamers/agis/internal/config/config.go:287.22,289.4 1 2
github.com/wethegamers/agis/internal/config/config.go:291.2,291.19 1 9
github.com/wethegamers/agis/internal/version/version.go:63.17,77.48 2 6
github.com/wethegamers/agis/internal/version/version.go:77.48,81.46 3 6
github.com/wethegamers/agis/internal/version/version.go:81.46,82.23 1 72
github.com/wethegamers/agis/internal/version/version.go:83.24,85.18 2 0
github.com/wethegamers/agis/internal/version/version.go:86.20,87.33 1 0
github.com/wethegamers/agis/internal/version/version.go:88.24,89.47 1 0
github.com/wethegamers/agis/internal/version/version.go:92.3,92.13 1 6
github.com/wethegamers/agis/internal/version/version.go:92.13,95.61 2 0
github.com/wethegamers/agis/internal/version/version.go:95.61,97.5 1 0
github.com/wethegamers/agis/internal/version/version.go:101.3,101.38 1 6
github.com/wethegamers/agis/internal/version/version.go:101.38,103.52 1 0
github.com/wethegamers/agis/internal/version/version.go:103.52,108.5 1 0
github.com/wethegamers/agis/internal/version/version.go:112.2,112.13 1 6
github.com/wethegamers/agis/internal/version/version.go:116.40,128.2 2 0
github.com/wethegamers/agis/internal/version/version.go:131.31,134.2 1 1
github.com/wethegamers/agis/internal/version/version.go:137.36,139.2 1 2
github.com/wethegamers/agis/internal/version/version.go:141.40,142.21 1 3
github.com/wethegamers/agis/internal/version/version.go:142.21,144.3 1 0
github.com/wethegamers/agis/internal/version/version.go:145.2,145.15 1 3
github.com/wethegamers/agis/internal/version/version.go:149.29,150.71 1 1
github.com/wethegamers/agis/internal/version/version.go:150.71,156.57 4 1
github.com/wethegamers/agis/internal/version/version.go:156.57,158.4 1 0
github.com/wethegamers/agis/internal/version/version.go:163.34,164.71 1 1
github.com/wethegamers/agis/internal/version/version.go:164.71,168.3 3 1
github.com/wethegamers/agis/internal/version/version.go:183.27,196.2 3 3
github.com/wethegamers/agis/internal/version/version.go:199.36,200.71 1 1
github.com/wethegamers/agis/internal/version/version.go:200.71,206.58 4 1
github.com/wethegamers/agis/internal/version/version.go:206.58,208.4 1 0
github.com/wethegamers/agis/internal/version/version.go:213.37,214.71 1 1
github.com/wethegamers/agis/internal/version/version.go:214.71,226.61 4 1
github.com/wethegamers/agis/internal/version/version.go:226.61,228.4 1 0
github.com/wethegamers/agis/internal/logging/logger.go:39.29,47.2 1 1
github.com/wethegamers/agis/internal/logging/logger.go:50.30,61.19 6 4
github.com/wethegamers/agis/internal/logging/logger.go:61.19,63.3 1 2
github.com/wethegamers/agis/internal/logging/logger.go:65.2,65.26 1 4
github.com/wethegamers/agis/internal/logging/logger.go:65.26,67.3 1 0
github.com/wethegamers/agis/internal/logging/logger.go:67.8,69.3 1 4
github.com/wethegamers/agis/internal/logging/logger.go:71.2,74.3 1 4
github.com/wethegamers/agis/internal/logging/logger.go:78.27,80.50 2 1
github.com/wethegamers/agis/internal/logging/logger.go:80.50,82.3 1 0
github.com/wethegamers/agis/internal/logging/logger.go:83.2,83.53 1 1
github.com/wethegamers/agis/internal/logging/logger.go:83.53,85.3 1 0
github.com/wethegamers/agis/internal/logging/logger.go:86.2,86.17 1 1
github.com/wethegamers/agis/internal/logging/logger.go:90.41,92.2 1 0
github.com/wethegamers/agis/internal/logging/logger.go:95.44,100.2 1 1
github.com/wethegamers/agis/internal/logging/logger.go:103.53,105.2 1 1
github.com/wethegamers/agis/internal/logging/logger.go:108.51,110.2 1 0
github.com/wethegamers/agis/internal/logging/logger.go:113.50,115.2 1 0
github.com/wethegamers/agis/internal/logging/logger.go:118.52,120.2 1 0
github.com/wethegamers/agis/internal/logging/logger.go:123.47,124.16 1 0
github.com/wethegamers/agis/internal/logging/logger.go:124.16,126.3 1 0
github.com/wethegamers/agis/internal/logging/logger.go:127.2,127.37 1 0
github.com/wethegamers/agis/internal/logging/logger.go:131.49,134.2 2 0
github.com/wethegamers/agis/internal/logging/logger.go:136.38,137.28 1 4
github.com/wethegamers/agis/internal/logging/logger.go:138.15,139.25 1 0
github.com/wethegamers/agis/internal/logging/logger.go:140.14,141.24 1 4
github.com/wethegamers/agis/internal/logging/logger.go:142.25,143.24 1 0
github.com/wethegamers/agis/internal/logging/logger.go:144.15,145.25 1 0
github.com/wethegamers/agis/internal/logging/logger.go:146.10,147.24 1 0
github.com/wethegamers/agis/internal/logging/logger.go:159.65,161.2 1 1
github.com/wethegamers/agis/internal/logging/logger.go:164.47,165.49 1 2
github.com/wethegamers/agis/internal/logging/logger.go:165.49,167.3 1 1
github.com/wethegamers/agis/internal/logging/logger.go:168.2,168.22 1 1
github.com/wethegamers/agis/internal/logging/logger.go:172.67,174.2 1 0
github.com/wethegamers/agis/internal/logging/logger.go:177.47,178.52 1 0
github.com/wethegamers/agis/internal/logging/logger.go:178.52,180.3 1 0
github.com/wethegamers/agis/internal/logging/logger.go:181.2,181.11 1 0
github.com/wethegamers/agis/internal/logging/logger.go:187.24,189.2 1 0
github.com/wethegamers/agis/internal/logging/logger.go:192.28,195.2 2 0
github.com/wethegamers/agis/internal/logging/logger.go:198.37,198.74 1 0
github.com/wethegamers/agis/internal/logging/logger.go:199.37,199.73 1 0
github.com/wethegamers/agis/internal/logging/logger.go:200.37,200.73 1 0
github.com/wethegamers/agis/internal/logging/logger.go:201.37,201.74 1 0
github.com/wethegamers/agis/internal/tracing/tracing.go:31.29,40.2 1 2
github.com/wethegamers/agis/internal/tracing/tracing.go:49.63,50.18 1 1
github.com/wethegamers/agis/internal/tracing/tracing.go:50.18,58.3 3 1
github.com/wethegamers/agis/internal/tracing/tracing.go:61.2,64.18 2 0
github.com/wethegamers/agis/internal/tracing/tracing.go:64.18,66.3 1 0
github.com/wethegamers/agis/internal/tracing/tracing.go:68.2,69.16 2 0
github.com/wethegamers/agis/internal/tracing/tracing.go:69.16,71.3 1 0
github.com/wethegamers/agis/internal/tracing/tracing.go:74.2,83.16 2 0
github.com/wethegamers/agis/internal/tracing/tracing.go:83.16,85.3 1 0
github.com/wethegamers/agis/internal/tracing/tracing.go:88.2,89.9 2 0
github.com/wethegamers/agis/internal/tracing/tracing.go:90.27,91.35 1 0
github.com/wethegamers/agis/internal/tracing/tracing.go:92.27,93.36 1 0
github.com/wethegamers/agis/internal/tracing/tracing.go:94.10,95.55 1 0
github.com/wethegamers/agis/internal/tracing/tracing.go:99.2,115.8 4 0
github.com/wethegamers/agis/internal/tracing/tracing.go:119.56,120.23 1 1
github.com/wethegamers/agis/internal/tracing/tracing.go:120.23,122.3 1 0
github.com/wethegamers/agis/internal/tracing/tracing.go:123.2,123.12 1 1
github.com/wethegamers/agis/internal/tracing/tracing.go:127.42,129.2 1 1
github.com/wethegamers/agis/internal/tracing/tracing.go:132.109,135.20 3 9
github.com/wethegamers/agis/internal/tracing/tracing.go:135.20,137.3 1 3
github.com/wethegamers/agis/internal/tracing/tracing.go:138.2,138.18 1 9
github.com/wethegamers/agis/internal/tracing/tracing.go:142.54,144.2 1 1
github.com/wethegamers/agis/internal/tracing/tracing.go:147.77,148.16 1 2
github.com/wethegamers/agis/internal/tracing/tracing.go:148.16,150.3 1 0
github.com/wethegamers/agis/internal/tracing/tracing.go:151.2,153.42 3 2
github.com/wethegamers/agis/internal/tracing/tracing.go:157.74,160.2 2 1
github.com/wethegamers/agis/internal/tracing/tracing.go:163.78,166.2 2 1
github.com/wethegamers/agis/internal/tracing/tracing.go:169.42,171.45 2 1
github.com/wethegamers/agis/internal/tracing/tracing.go:171.45,173.3 1 1
github.com/wethegamers/agis/internal/tracing/tracing.go:174.2,174.46 1 0
github.com/wethegamers/agis/internal/tracing/tracing.go:178.41,180.44 2 1
github.com/wethegamers/agis/internal/tracing/tracing.go:180.44,182.3 1 1
github.com/wethegamers/agis/internal/tracing/tracing.go:183.2,183.45 1 0
github.com/wethegamers/agis/internal/tracing/tracing.go:187.80,189.19 2 4
github.com/wethegamers/agis/internal/tracing/tracing.go:189.19,191.3 1 3
github.com/wethegamers/agis/internal/tracing/tracing.go:192.2,192.21 1 4
github.com/wethegamers/agis/internal/tracing/tracing.go:192.21,194.3 1 2
github.com/wethegamers/agis/internal/tracing/tracing.go:195.2,195.18 1 4
github.com/wethegamers/agis/internal/tracing/tracing.go:195.18,197.3 1 1
github.com/wethegamers/agis/internal/tracing/tracing.go:198.2,198.14 1 4
github.com/wethegamers/agis/internal/tracing/tracing.go:207.46,210.2 2 3
github.com/wethegamers/agis/internal/tracing/tracing.go:213.53,214.71 1 2
github.com/wethegamers/agis/internal/tracing/tracing.go:214.71,227.23 6 2
github.com/wethegamers/agis/internal/tracing/tracing.go:227.23,229.4 1 1
github.com/wethegamers/agis/internal/tracing/tracing.go:234.88,239.16 4 2
github.com/wethegamers/agis/internal/tracing/tracing.go:239.16,241.3 1 1
github.com/wethegamers/agis/internal/tracing/tracing.go:242.2,242.12 1 2
github.com/wethegamers/agis/internal/metrics/metrics.go:159.54,161.2 1 1
github.com/wethegamers/agis/internal/middleware/middleware.go:17.48,18.71 1 2
github.com/wethegamers/agis/internal/middleware/middleware.go:18.71,20.22 2 2
github.com/wethegamers/agis/internal/middleware/middleware.go:20.22,22.4 1 1
github.com/wethegamers/agis/internal/middleware/middleware.go:23.3,25.23 3 2
github.com/wethegamers/agis/internal/middleware/middleware.go:37.44,64.2 1 0
github.com/wethegamers/agis/internal/middleware/middleware.go:67.59,68.71 1 0
github.com/wethegamers/agis/internal/middleware/middleware.go:68.71,82.3 9 0
github.com/wethegamers/agis/internal/middleware/middleware.go:100.72,109.2 3 2
github.com/wethegamers/agis/internal/middleware/middleware.go:111.38,113.21 2 2
github.com/wethegamers/agis/internal/middleware/middleware.go:113.21,116.33 3 0
github.com/wethegamers/agis/internal/middleware/middleware.go:116.33,117.41 1 0
github.com/wethegamers/agis/internal/middleware/middleware.go:117.41,119.5 1 0
github.com/wethegamers/agis/internal/middleware/middleware.go:121.3,121.17 1 0
github.com/wethegamers/agis/internal/middleware/middleware.go:126.47,132.9 5 6
github.com/wethegamers/agis/internal/middleware/middleware.go:132.9,135.3 2 2
github.com/wethegamers/agis/internal/middleware/middleware.go:137.2,139.34 3 6
github.com/wethegamers/agis/internal/middleware/middleware.go:139.34,141.3 1 1
github.com/wethegamers/agis/internal/middleware/middleware.go:142.2,144.19 2 6
github.com/wethegamers/agis/internal/middleware/middleware.go:144.19,147.3 2 4
github.com/wethegamers/agis/internal/middleware/middleware.go:148.2,148.14 1 2
github.com/wethegamers/agis/internal/middleware/middleware.go:152.100,153.46 1 2
github.com/wethegamers/agis/internal/middleware/middleware.go:153.46,154.72 1 2
github.com/wethegamers/agis/internal/middleware/middleware.go:154.72,156.22 2 6
github.com/wethegamers/agis/internal/middleware/middleware.go:156.22,159.5 2 2
github.com/wethegamers/agis/internal/middleware/middleware.go:160.4,160.24 1 4
github.com/wethegamers/agis/internal/middleware/middleware.go:166.40,167.53 1 3
github.com/wethegamers/agis/internal/middleware/middleware.go:167.53,169.3 1 1
github.com/wethegamers/agis/internal/middleware/middleware.go:170.2,170.47 1 2
github.com/wethegamers/agis/internal/middleware/middleware.go:170.47,172.3 1 1
github.com/wethegamers/agis/internal/middleware/middleware.go:173.2,173.21 1 1
github.com/wethegamers/agis/internal/middleware/middleware.go:183.49,184.17 1 0
github.com/wethegamers/agis/internal/middleware/middleware.go:184.17,187.3 2 0
github.com/wethegamers/agis/internal/middleware/middleware.go:188.2,188.37 1 0
github.com/wethegamers/agis/internal/middleware/middleware.go:191.56,192.17 1 0
github.com/wethegamers/agis/internal/middleware/middleware.go:192.17,195.3 2 0
github.com/wethegamers/agis/internal/middleware/middleware.go:196.2,196.35 1 0
github.com/wethegamers/agis/internal/middleware/middleware.go:200.46,201.71 1 1
github.com/wethegamers/agis/internal/middleware/middleware.go:201.71,202.16 1 1
github.com/wethegamers/agis/internal/middleware/middleware.go:202.16,203.36 1 1
github.com/wethegamers/agis/internal/middleware/middleware.go:203.36,205.5 1 1
github.com/wethegamers/agis/internal/middleware/middleware.go:207.3,207.23 1 1
github.com/wethegamers/agis/internal/middleware/middleware.go:212.68,214.35 2 1
github.com/wethegamers/agis/internal/middleware/middleware.go:214.35,216.3 1 1
github.com/wethegamers/agis/internal/middleware/middleware.go:218.2,218.46 1 1
github.com/wethegamers/agis/internal/middleware/middleware.go:218.46,219.72 1 1
github.com/wethegamers/agis/internal/middleware/middleware.go:219.72,221.45 2 2
github.com/wethegamers/agis/internal/middleware/middleware.go:221.45,226.5 4 2
github.com/wethegamers/agis/internal/middleware/middleware.go:227.4,227.38 1 2
github.com/wethegamers/agis/internal/middleware/middleware.go:227.38,230.5 2 1
github.com/wethegamers/agis/internal/middleware/middleware.go:231.4,231.24 1 1
github.com/wethegamers/agis/internal/middleware/middleware.go:237.92,238.47 1 1
github.com/wethegamers/agis/internal/middleware/middleware.go:238.47,239.46 1 1
github.com/wethegamers/agis/internal/middleware/middleware.go:239.46,241.4 1 2
github.com/wethegamers/agis/internal/middleware/middleware.go:242.3,242.15 1 1
github.com/wethegamers/agis/internal/middleware/middleware.go:269.89,275.30 2 2
github.com/wethegamers/agis/internal/middleware/middleware.go:275.30,277.3 1 4
github.com/wethegamers/agis/internal/middleware/middleware.go:278.2,278.11 1 2
github.com/wethegamers/agis/internal/middleware/middleware.go:282.72,284.2 1 1
github.com/wethegamers/agis/internal/middleware/middleware.go:287.66,288.71 1 2
github.com/wethegamers/agis/internal/middleware/middleware.go:288.71,293.20 2 7
github.com/wethegamers/agis/internal/middleware/middleware.go:293.20,295.4 1 3
github.com/wethegamers/agis/internal/middleware/middleware.go:298.3,298.20 1 7
github.com/wethegamers/agis/internal/middleware/middleware.go:298.20,300.4 1 1
github.com/wethegamers/agis/internal/middleware/middleware.go:303.3,303.29 1 7
github.com/wethegamers/agis/internal/middleware/middleware.go:303.29,306.4 2 1
github.com/wethegamers/agis/internal/middleware/middleware.go:309.3,309.44 1 6
github.com/wethegamers/agis/internal/middleware/middleware.go:309.44,312.4 2 1
github.com/wethegamers/agis/internal/middleware/middleware.go:315.3,322.23 5 6
github.com/wethegamers/agis/internal/middleware/middleware.go:328.66,330.19 1 3
github.com/wethegamers/agis/internal/middleware/middleware.go:330.19,332.3 1 0
github.com/wethegamers/agis/internal/middleware/middleware.go:335.2,338.35 3 3
github.com/wethegamers/agis/internal/middleware/middleware.go:338.35,339.66 1 7
github.com/wethegamers/agis/internal/middleware/middleware.go:339.66,341.4 1 2
github.com/wethegamers/agis/internal/middleware/middleware.go:344.2,344.11 1 1
github.com/wethegamers/agis/internal/middleware/middleware.go:349.77,351.2 1 6
github.com/wethegamers/agis/internal/middleware/middleware.go:354.52,355.65 1 4
github.com/wethegamers/agis/internal/middleware/middleware.go:355.65,357.3 1 4
github.com/wethegamers/agis/internal/middleware/middleware.go:358.2,358.11 1 0
github.com/wethegamers/agis/internal/middleware/middleware.go:362.63,363.46 1 1
github.com/wethegamers/agis/internal/middleware/middleware.go:363.46,364.72 1 1
github.com/wethegamers/agis/internal/middleware/middleware.go:364.72,369.14 4 1
github.com/wethegamers/agis/internal/middleware/middleware.go:369.14,372.5 2 1
github.com/wethegamers/agis/internal/middleware/middleware.go:374.4,374.11 1 1
github.com/wethegamers/agis/internal/middleware/middleware.go:375.16,375.16 0 1
github.com/wethegamers/agis/internal/middleware/middleware.go:377.22,378.46 1 0
github.com/wethegamers/agis/internal/middleware/middleware.go:378.46,381.6 2 0
github.com/wethegamers/agis/internal/middleware/middleware.go:388.54,389.71 1 1
github.com/wethegamers/agis/internal/middleware/middleware.go:389.71,395.3 5 1
